#
# A fatal error has been detected by the Java Runtime Environment:
#
#  EXCEPTION_ACCESS_VIOLATION (0xc0000005) at pc=0x76f1ad5c, pid=22844, tid=0x000039b8
#
# JRE version: Java(TM) SE Runtime Environment (8.0_171-b11) (build 1.8.0_171-b11)
# Java VM: Java HotSpot(TM) Client VM (25.171-b11 mixed mode windows-x86 )
# Problematic frame:
# C  [ntdll.dll+0x6ad5c]
#
# Failed to write core dump. Minidumps are not enabled by default on client versions of Windows
#
# If you would like to submit a bug report, please visit:
#   http://bugreport.java.com/bugreport/crash.jsp
# The crash happened outside the Java Virtual Machine in native code.
# See problematic frame for where to report the bug.
#

---------------  T H R E A D  ---------------

Current thread (0x27e7ec00):  JavaThread "EventThread COM3" [_thread_in_native, id=14776, stack(0x00ed0000,0x00f20000)]

siginfo: ExceptionCode=0xc0000005, reading address 0x000014e0

Registers:
EAX=0x00000000, EBX=0x00000000, ECX=0x00300000, EDX=0x25a00718
ESP=0x00f1f158, EBP=0x00f1f1a8, ESI=0x00000000, EDI=0x288d2abc
EIP=0x76f1ad5c, EFLAGS=0x00000202

Top of Stack: (sp=0x00f1f158)
0x00f1f158:   754d8cf5 00f1f180 001f0003 00000000
0x00f1f168:   00000000 00000000 288d2abc 00000000
0x00f1f178:   00000001 6ca66798 27e7ec00 00000006
0x00f1f188:   00000004 288d2abc 11829a58 27e7ed40
0x00f1f198:   288d2aa8 00000000 f19c10ea 1bce0482
0x00f1f1a8:   00f1f1d8 754d8c44 00000000 00000000
0x00f1f1b8:   00000001 001f0003 288d2abc 11829a58
0x00f1f1c8:   27e7ed40 737eca20 00000000 00000000 

Instructions: (pc=0x76f1ad5c)
0x76f1ad3c:   c3 8d 49 00 b8 47 00 0a 00 ba 30 f1 f2 76 ff d2
0x76f1ad4c:   c2 0c 00 90 b8 48 00 00 00 ba 30 f1 f2 76 ff d2
0x76f1ad5c:   c2 14 00 90 b8 49 00 00 00 ba 30 f1 f2 76 ff d2
0x76f1ad6c:   c2 14 00 90 b8 4a 00 00 00 ba 30 f1 f2 76 ff d2 


Register to memory mapping:

EAX=0x00000000 is an unknown value
EBX=0x00000000 is an unknown value
ECX=0x00300000 is an unknown value
EDX=0x25a00718 is an unknown value
ESP=0x00f1f158 is pointing into the stack for thread: 0x27e7ec00
EBP=0x00f1f1a8 is pointing into the stack for thread: 0x27e7ec00
ESI=0x00000000 is an unknown value
EDI=0x288d2abc is an unknown value


Stack: [0x00ed0000,0x00f20000],  sp=0x00f1f158,  free space=316k
Native frames: (J=compiled Java code, j=interpreted, Vv=VM code, C=native code)
C  [ntdll.dll+0x6ad5c]
C  [KERNELBASE.dll+0x108c44]
C  [jSSC-2.8_x86.dll+0x1b28]
J 10977 C1 jssc.SerialPort$EventThread.run()V (84 bytes) @ 0x028b5180 [0x028b5130+0x50]
v  ~StubRoutines::call_stub
V  [jvm.dll+0x15b985]
V  [jvm.dll+0x22262e]
V  [jvm.dll+0x15ba1e]
V  [jvm.dll+0x15bba6]
V  [jvm.dll+0x15bc17]
V  [jvm.dll+0xffb3f]
V  [jvm.dll+0x17eb50]
V  [jvm.dll+0x17f3ca]
V  [jvm.dll+0x1c3fe6]
C  [msvcr100.dll+0x5c556]
C  [msvcr100.dll+0x5c600]
C  [KERNEL32.DLL+0x18484]
C  [ntdll.dll+0x63ab8]
C  [ntdll.dll+0x63a88]
C  0x00000000

Java frames: (J=compiled Java code, j=interpreted, Vv=VM code)
J 7600  jssc.SerialNativeInterface.waitEvents(J)[[I (0 bytes) @ 0x027c401d [0x027c3fd0+0x4d]
J 10977 C1 jssc.SerialPort$EventThread.run()V (84 bytes) @ 0x028b5180 [0x028b5130+0x50]
v  ~StubRoutines::call_stub

---------------  P R O C E S S  ---------------

Java Threads: ( => current thread )
  0x27e82400 JavaThread "OlegDellXPS.local..recover()" [_thread_blocked, id=18164, stack(0x25650000,0x256a0000)]
  0x27e86400 JavaThread "OlegDellXPS.local..recover()" [_thread_blocked, id=23956, stack(0x25430000,0x25480000)]
  0x27e80c00 JavaThread "OlegDellXPS-mshome-net.local..recover()" [_thread_blocked, id=17924, stack(0x248f0000,0x24940000)]
  0x27e80000 JavaThread "OlegDellXPS.local..recover()" [_thread_blocked, id=20024, stack(0x00e40000,0x00e90000)]
=>0x27e7ec00 JavaThread "EventThread COM3" [_thread_in_native, id=14776, stack(0x00ed0000,0x00f20000)]
  0x27e85000 JavaThread "DestroyJavaVM" [_thread_blocked, id=15980, stack(0x02400000,0x02450000)]
  0x27e82000 JavaThread "TimerQueue" daemon [_thread_blocked, id=31472, stack(0x2a340000,0x2a390000)]
  0x27e81800 JavaThread "AWT-EventQueue-0" [_thread_in_native, id=6536, stack(0x29ee0000,0x29f30000)]
  0x27e81000 JavaThread "AWT-Shutdown" [_thread_blocked, id=23484, stack(0x29e50000,0x29ea0000)]
  0x27e7f400 JavaThread "Batik CleanerThread" daemon [_thread_blocked, id=4644, stack(0x28870000,0x288c0000)]
  0x27e85c00 JavaThread "JmDNS(OlegDellXPS-mshome-net.local.).State.Timer" [_thread_blocked, id=5432, stack(0x29820000,0x29870000)]
  0x27e85800 JavaThread "JmDNS(OlegDellXPS-mshome-net.local.).Timer" daemon [_thread_blocked, id=20084, stack(0x29790000,0x297e0000)]
  0x27e7f800 JavaThread "SocketListener(OlegDellXPS-mshome-net.local.)" daemon [_thread_in_native, id=6816, stack(0x29700000,0x29750000)]
  0x27e80400 JavaThread "JmDNS(OlegDellXPS.local.).State.Timer" [_thread_blocked, id=29580, stack(0x29570000,0x295c0000)]
  0x27f67000 JavaThread "JmDNS(OlegDellXPS.local.).Timer" daemon [_thread_blocked, id=7264, stack(0x294e0000,0x29530000)]
  0x27f66800 JavaThread "SocketListener(OlegDellXPS.local.)" daemon [_thread_in_native, id=27284, stack(0x29450000,0x294a0000)]
  0x27f65000 JavaThread "JmDNS(OlegDellXPS.local.).State.Timer" [_thread_blocked, id=15564, stack(0x293c0000,0x29410000)]
  0x27f64c00 JavaThread "JmDNS(OlegDellXPS.local.).Timer" daemon [_thread_blocked, id=18328, stack(0x29330000,0x29380000)]
  0x27f64400 JavaThread "SocketListener(OlegDellXPS.local.)" daemon [_thread_in_native, id=13188, stack(0x292a0000,0x292f0000)]
  0x27f3a400 JavaThread "JmDNS(OlegDellXPS.local.).State.Timer" [_thread_blocked, id=30628, stack(0x28db0000,0x28e00000)]
  0x27f39400 JavaThread "JmDNS(OlegDellXPS.local.).Timer" daemon [_thread_blocked, id=5112, stack(0x28d20000,0x28d70000)]
  0x259af400 JavaThread "SocketListener(OlegDellXPS.local.)" daemon [_thread_in_native, id=26596, stack(0x28c90000,0x28ce0000)]
  0x27ece400 JavaThread "Multihomed mDNS.Timer" daemon [_thread_in_native, id=30076, stack(0x266b0000,0x26700000)]
  0x27ecf000 JavaThread "cc.arduino.packages.discoverers.serial.SerialBoardsLister" [_thread_blocked, id=3112, stack(0x28a00000,0x28a50000)]
  0x26244c00 JavaThread "AWT-Windows" daemon [_thread_in_native, id=30784, stack(0x26740000,0x26790000)]
  0x26241c00 JavaThread "Java2D Disposer" daemon [_thread_blocked, id=30568, stack(0x26620000,0x26670000)]
  0x25924000 JavaThread "Service Thread" daemon [_thread_blocked, id=2584, stack(0x25f00000,0x25f50000)]
  0x2592d400 JavaThread "C1 CompilerThread0" daemon [_thread_blocked, id=26888, stack(0x25e70000,0x25ec0000)]
  0x2592bc00 JavaThread "Attach Listener" daemon [_thread_blocked, id=15860, stack(0x25de0000,0x25e30000)]
  0x25929c00 JavaThread "Signal Dispatcher" daemon [_thread_blocked, id=9248, stack(0x25d50000,0x25da0000)]
  0x2590d800 JavaThread "Finalizer" daemon [_thread_blocked, id=21412, stack(0x25bc0000,0x25c10000)]
  0x258f7000 JavaThread "Reference Handler" daemon [_thread_blocked, id=29156, stack(0x25b30000,0x25b80000)]

Other Threads:
  0x258f1000 VMThread [stack: 0x047b0000,0x04800000] [id=19560]
  0x25927c00 WatcherThread [stack: 0x25f90000,0x25fe0000] [id=3400]

VM state:not at safepoint (normal execution)

VM Mutex/Monitor currently owned by a thread: None

Heap:
 def new generation   total 39424K, used 27812K [0x04800000, 0x072c0000, 0x0f2a0000)
  eden space 35072K,  79% used [0x04800000, 0x06326990, 0x06a40000)
  from space 4352K,   0% used [0x06a40000, 0x06a429b8, 0x06e80000)
  to   space 4352K,   0% used [0x06e80000, 0x06e80000, 0x072c0000)
 tenured generation   total 87424K, used 39708K [0x0f2a0000, 0x14800000, 0x24800000)
   the space 87424K,  45% used [0x0f2a0000, 0x11967108, 0x11967200, 0x14800000)
 Metaspace       used 19814K, capacity 20337K, committed 20608K, reserved 20864K

Card table byte_map: [0x04660000,0x04770000] byte_map_base: 0x0463c000

Polling page: 0x002f0000

CodeCache: size=32768Kb used=1709Kb max_used=3966Kb free=31059Kb
 bounds [0x02540000, 0x02920000, 0x04540000]
 total_blobs=1094 nmethods=815 adapters=208
 compilation: enabled

Compilation events (10 events):
Event: 13128.950 Thread 0x2592d400 22097             java.lang.String::trim (77 bytes)
Event: 13128.950 Thread 0x2592d400 nmethod 22097 0x02662ec8 code [0x02662fd0, 0x026630ec]
Event: 13134.772 Thread 0x2592d400 22098   !         sun.awt.image.VolatileSurfaceManager::validate (204 bytes)
Event: 13134.773 Thread 0x2592d400 nmethod 22098 0x028c34c8 code [0x028c3630, 0x028c39a0]
Event: 13136.769 Thread 0x2592d400 22099             sun.awt.SunHints$Key::getIndex (5 bytes)
Event: 13136.769 Thread 0x2592d400 nmethod 22099 0x02780448 code [0x02780540, 0x027805c0]
Event: 13137.953 Thread 0x2592d400 22100             sun.nio.cs.SingleByte$Encoder::encodeArrayLoop (236 bytes)
Event: 13137.954 Thread 0x2592d400 nmethod 22100 0x0275ae08 code [0x0275b100, 0x0275bbe4]
Event: 13137.955 Thread 0x2592d400 22101             sun.nio.cs.SingleByte$Decoder::decode (63 bytes)
Event: 13137.955 Thread 0x2592d400 nmethod 22101 0x027c08c8 code [0x027c09d0, 0x027c0b60]

GC Heap History (10 events):
Event: 11316.279 GC heap before
{Heap before GC invocations=1809 (full 2):
 def new generation   total 39424K, used 35074K [0x04800000, 0x072c0000, 0x0f2a0000)
  eden space 35072K, 100% used [0x04800000, 0x06a40000, 0x06a40000)
  from space 4352K,   0% used [0x06e80000, 0x06e809e0, 0x072c0000)
  to   space 4352K,   0% used [0x06a40000, 0x06a40000, 0x06e80000)
 tenured generation   total 87424K, used 39708K [0x0f2a0000, 0x14800000, 0x24800000)
   the space 87424K,  45% used [0x0f2a0000, 0x11967108, 0x11967200, 0x14800000)
 Metaspace       used 19813K, capacity 20337K, committed 20608K, reserved 20864K
Event: 11316.280 GC heap after
Heap after GC invocations=1810 (full 2):
 def new generation   total 39424K, used 2K [0x04800000, 0x072c0000, 0x0f2a0000)
  eden space 35072K,   0% used [0x04800000, 0x04800000, 0x06a40000)
  from space 4352K,   0% used [0x06a40000, 0x06a409f0, 0x06e80000)
  to   space 4352K,   0% used [0x06e80000, 0x06e80000, 0x072c0000)
 tenured generation   total 87424K, used 39708K [0x0f2a0000, 0x14800000, 0x24800000)
   the space 87424K,  45% used [0x0f2a0000, 0x11967108, 0x11967200, 0x14800000)
 Metaspace       used 19813K, capacity 20337K, committed 20608K, reserved 20864K
}
Event: 11321.368 GC heap before
{Heap before GC invocations=1810 (full 2):
 def new generation   total 39424K, used 35074K [0x04800000, 0x072c0000, 0x0f2a0000)
  eden space 35072K, 100% used [0x04800000, 0x06a40000, 0x06a40000)
  from space 4352K,   0% used [0x06a40000, 0x06a409f0, 0x06e80000)
  to   space 4352K,   0% used [0x06e80000, 0x06e80000, 0x072c0000)
 tenured generation   total 87424K, used 39708K [0x0f2a0000, 0x14800000, 0x24800000)
   the space 87424K,  45% used [0x0f2a0000, 0x11967108, 0x11967200, 0x14800000)
 Metaspace       used 19813K, capacity 20337K, committed 20608K, reserved 20864K
Event: 11321.369 GC heap after
Heap after GC invocations=1811 (full 2):
 def new generation   total 39424K, used 2K [0x04800000, 0x072c0000, 0x0f2a0000)
  eden space 35072K,   0% used [0x04800000, 0x04800000, 0x06a40000)
  from space 4352K,   0% used [0x06e80000, 0x06e80a30, 0x072c0000)
  to   space 4352K,   0% used [0x06a40000, 0x06a40000, 0x06e80000)
 tenured generation   total 87424K, used 39708K [0x0f2a0000, 0x14800000, 0x24800000)
   the space 87424K,  45% used [0x0f2a0000, 0x11967108, 0x11967200, 0x14800000)
 Metaspace       used 19813K, capacity 20337K, committed 20608K, reserved 20864K
}
Event: 11326.432 GC heap before
{Heap before GC invocations=1811 (full 2):
 def new generation   total 39424K, used 35074K [0x04800000, 0x072c0000, 0x0f2a0000)
  eden space 35072K, 100% used [0x04800000, 0x06a40000, 0x06a40000)
  from space 4352K,   0% used [0x06e80000, 0x06e80a30, 0x072c0000)
  to   space 4352K,   0% used [0x06a40000, 0x06a40000, 0x06e80000)
 tenured generation   total 87424K, used 39708K [0x0f2a0000, 0x14800000, 0x24800000)
   the space 87424K,  45% used [0x0f2a0000, 0x11967108, 0x11967200, 0x14800000)
 Metaspace       used 19813K, capacity 20337K, committed 20608K, reserved 20864K
Event: 11326.433 GC heap after
Heap after GC invocations=1812 (full 2):
 def new generation   total 39424K, used 2K [0x04800000, 0x072c0000, 0x0f2a0000)
  eden space 35072K,   0% used [0x04800000, 0x04800000, 0x06a40000)
  from space 4352K,   0% used [0x06a40000, 0x06a409f0, 0x06e80000)
  to   space 4352K,   0% used [0x06e80000, 0x06e80000, 0x072c0000)
 tenured generation   total 87424K, used 39708K [0x0f2a0000, 0x14800000, 0x24800000)
   the space 87424K,  45% used [0x0f2a0000, 0x11967108, 0x11967200, 0x14800000)
 Metaspace       used 19813K, capacity 20337K, committed 20608K, reserved 20864K
}
Event: 11331.452 GC heap before
{Heap before GC invocations=1812 (full 2):
 def new generation   total 39424K, used 35074K [0x04800000, 0x072c0000, 0x0f2a0000)
  eden space 35072K, 100% used [0x04800000, 0x06a40000, 0x06a40000)
  from space 4352K,   0% used [0x06a40000, 0x06a409f0, 0x06e80000)
  to   space 4352K,   0% used [0x06e80000, 0x06e80000, 0x072c0000)
 tenured generation   total 87424K, used 39708K [0x0f2a0000, 0x14800000, 0x24800000)
   the space 87424K,  45% used [0x0f2a0000, 0x11967108, 0x11967200, 0x14800000)
 Metaspace       used 19813K, capacity 20337K, committed 20608K, reserved 20864K
Event: 11331.453 GC heap after
Heap after GC invocations=1813 (full 2):
 def new generation   total 39424K, used 2K [0x04800000, 0x072c0000, 0x0f2a0000)
  eden space 35072K,   0% used [0x04800000, 0x04800000, 0x06a40000)
  from space 4352K,   0% used [0x06e80000, 0x06e80a28, 0x072c0000)
  to   space 4352K,   0% used [0x06a40000, 0x06a40000, 0x06e80000)
 tenured generation   total 87424K, used 39708K [0x0f2a0000, 0x14800000, 0x24800000)
   the space 87424K,  45% used [0x0f2a0000, 0x11967108, 0x11967200, 0x14800000)
 Metaspace       used 19813K, capacity 20337K, committed 20608K, reserved 20864K
}
Event: 13133.051 GC heap before
{Heap before GC invocations=1813 (full 2):
 def new generation   total 39424K, used 35074K [0x04800000, 0x072c0000, 0x0f2a0000)
  eden space 35072K, 100% used [0x04800000, 0x06a40000, 0x06a40000)
  from space 4352K,   0% used [0x06e80000, 0x06e80a28, 0x072c0000)
  to   space 4352K,   0% used [0x06a40000, 0x06a40000, 0x06e80000)
 tenured generation   total 87424K, used 39708K [0x0f2a0000, 0x14800000, 0x24800000)
   the space 87424K,  45% used [0x0f2a0000, 0x11967108, 0x11967200, 0x14800000)
 Metaspace       used 19813K, capacity 20337K, committed 20608K, reserved 20864K
Event: 13133.055 GC heap after
Heap after GC invocations=1814 (full 2):
 def new generation   total 39424K, used 10K [0x04800000, 0x072c0000, 0x0f2a0000)
  eden space 35072K,   0% used [0x04800000, 0x04800000, 0x06a40000)
  from space 4352K,   0% used [0x06a40000, 0x06a429b8, 0x06e80000)
  to   space 4352K,   0% used [0x06e80000, 0x06e80000, 0x072c0000)
 tenured generation   total 87424K, used 39708K [0x0f2a0000, 0x14800000, 0x24800000)
   the space 87424K,  45% used [0x0f2a0000, 0x11967108, 0x11967200, 0x14800000)
 Metaspace       used 19813K, capacity 20337K, committed 20608K, reserved 20864K
}

Deoptimization events (0 events):
No events

Classes redefined (0 events):
No events

Internal exceptions (10 events):
Event: 15527.501 Thread 0x27f3a400 Exception <a 'java/io/IOException'> (0x06305d78) thrown at [C:\re\workspace\8-2-build-windows-i586-cygwin\jdk8u171\10807\hotspot\src\share\vm\prims\jni.cpp, line 709]
Event: 15527.501 Thread 0x27f3a400 Exception <a 'java/io/IOException'> (0x06306020) thrown at [C:\re\workspace\8-2-build-windows-i586-cygwin\jdk8u171\10807\hotspot\src\share\vm\prims\jni.cpp, line 709]
Event: 15527.501 Thread 0x27f3a400 Exception <a 'java/io/IOException'> (0x06306288) thrown at [C:\re\workspace\8-2-build-windows-i586-cygwin\jdk8u171\10807\hotspot\src\share\vm\prims\jni.cpp, line 709]
Event: 15527.501 Thread 0x27f3a400 Exception <a 'java/io/IOException'> (0x063068a8) thrown at [C:\re\workspace\8-2-build-windows-i586-cygwin\jdk8u171\10807\hotspot\src\share\vm\prims\jni.cpp, line 709]
Event: 15527.501 Thread 0x27f3a400 Exception <a 'java/io/IOException'> (0x06306b40) thrown at [C:\re\workspace\8-2-build-windows-i586-cygwin\jdk8u171\10807\hotspot\src\share\vm\prims\jni.cpp, line 709]
Event: 15527.501 Thread 0x27f3a400 Exception <a 'java/io/IOException'> (0x06306da8) thrown at [C:\re\workspace\8-2-build-windows-i586-cygwin\jdk8u171\10807\hotspot\src\share\vm\prims\jni.cpp, line 709]
Event: 15527.501 Thread 0x27f3a400 Exception <a 'java/io/IOException'> (0x06307390) thrown at [C:\re\workspace\8-2-build-windows-i586-cygwin\jdk8u171\10807\hotspot\src\share\vm\prims\jni.cpp, line 709]
Event: 15527.501 Thread 0x27f3a400 Exception <a 'java/io/IOException'> (0x06307628) thrown at [C:\re\workspace\8-2-build-windows-i586-cygwin\jdk8u171\10807\hotspot\src\share\vm\prims\jni.cpp, line 709]
Event: 15527.501 Thread 0x27f3a400 Exception <a 'java/io/IOException'> (0x063078a8) thrown at [C:\re\workspace\8-2-build-windows-i586-cygwin\jdk8u171\10807\hotspot\src\share\vm\prims\jni.cpp, line 709]
Event: 15527.501 Thread 0x27f3a400 Exception <a 'java/io/IOException'> (0x06307b10) thrown at [C:\re\workspace\8-2-build-windows-i586-cygwin\jdk8u171\10807\hotspot\src\share\vm\prims\jni.cpp, line 709]

Events (10 events):
Event: 13137.954 Executing VM operation: RevokeBias
Event: 13137.954 Executing VM operation: RevokeBias done
Event: 13137.954 Thread 0x2592d400 flushing nmethod 0x028744c8
Event: 13137.955 Thread 0x2592d400 flushing nmethod 0x028a3848
Event: 15527.480 Thread 0x27e80c00 Thread added: 0x27e80c00
Event: 15527.481 Executing VM operation: RevokeBias
Event: 15527.481 Executing VM operation: RevokeBias done
Event: 15527.499 Thread 0x27e86400 Thread added: 0x27e86400
Event: 15527.500 Executing VM operation: RevokeBias
Event: 15527.500 Executing VM operation: RevokeBias done


Dynamic libraries:
0x00010000 - 0x00043000 	C:\Program Files (x86)\Arduino\java\bin\javaw.exe
0x76eb0000 - 0x77040000 	C:\Windows\SYSTEM32\ntdll.dll
0x739d0000 - 0x73ab0000 	C:\Windows\System32\KERNEL32.DLL
0x753d0000 - 0x755b4000 	C:\Windows\System32\KERNELBASE.dll
0x73940000 - 0x739b8000 	C:\Windows\System32\ADVAPI32.dll
0x73790000 - 0x7384f000 	C:\Windows\System32\msvcrt.dll
0x75380000 - 0x753c4000 	C:\Windows\System32\sechost.dll
0x75240000 - 0x75300000 	C:\Windows\System32\RPCRT4.dll
0x73770000 - 0x73790000 	C:\Windows\System32\SspiCli.dll
0x73760000 - 0x7376a000 	C:\Windows\System32\CRYPTBASE.dll
0x73c90000 - 0x73ce8000 	C:\Windows\System32\bcryptPrimitives.dll
0x76c30000 - 0x76dbd000 	C:\Windows\System32\USER32.dll
0x76910000 - 0x76927000 	C:\Windows\System32\win32u.dll
0x746d0000 - 0x746f2000 	C:\Windows\System32\GDI32.dll
0x74af0000 - 0x74c54000 	C:\Windows\System32\gdi32full.dll
0x75300000 - 0x7537d000 	C:\Windows\System32\msvcp_win.dll
0x74920000 - 0x74a3e000 	C:\Windows\System32\ucrtbase.dll
0x71d20000 - 0x71f24000 	C:\Windows\WinSxS\x86_microsoft.windows.common-controls_6595b64144ccf1df_6.0.17134.472_none_42ecd1cc44e43e73\COMCTL32.dll
0x74290000 - 0x744ec000 	C:\Windows\System32\combase.dll
0x74800000 - 0x74826000 	C:\Windows\System32\IMM32.DLL
0x78610000 - 0x786cf000 	C:\Program Files (x86)\Arduino\java\bin\msvcr100.dll
0x6c990000 - 0x6cd61000 	C:\Program Files (x86)\Arduino\java\bin\client\jvm.dll
0x74c60000 - 0x74c66000 	C:\Windows\System32\PSAPI.DLL
0x70360000 - 0x70384000 	C:\Windows\SYSTEM32\WINMM.dll
0x73750000 - 0x73758000 	C:\Windows\SYSTEM32\VERSION.dll
0x73290000 - 0x73298000 	C:\Windows\SYSTEM32\WSOCK32.dll
0x73ab0000 - 0x73b17000 	C:\Windows\System32\WS2_32.dll
0x70300000 - 0x70323000 	C:\Windows\SYSTEM32\WINMMBASE.dll
0x74250000 - 0x74289000 	C:\Windows\System32\cfgmgr32.dll
0x52550000 - 0x52580000 	C:\Program Files (x86)\Arduino\java\bin\splashscreen.dll
0x6fa40000 - 0x6fabc000 	C:\Windows\system32\uxtheme.dll
0x6d840000 - 0x6d84c000 	C:\Program Files (x86)\Arduino\java\bin\verify.dll
0x50020000 - 0x50042000 	C:\Program Files (x86)\Arduino\java\bin\java.dll
0x74580000 - 0x746c3000 	C:\Windows\System32\MSCTF.dll
0x738a0000 - 0x73936000 	C:\Windows\System32\OLEAUT32.dll
0x6d7b0000 - 0x6d7c4000 	C:\Program Files (x86)\Arduino\java\bin\zip.dll
0x74120000 - 0x7412f000 	C:\Windows\System32\kernel.appcore.dll
0x69f50000 - 0x69fcd000 	C:\Windows\System32\TextInputFramework.dll
0x6be10000 - 0x6c06d000 	C:\Windows\System32\CoreUIComponents.dll
0x6c070000 - 0x6c0fb000 	C:\Windows\System32\CoreMessaging.dll
0x741c0000 - 0x74248000 	C:\Windows\System32\SHCORE.dll
0x73720000 - 0x73749000 	C:\Windows\SYSTEM32\ntmarta.dll
0x6ed30000 - 0x6ee06000 	C:\Windows\SYSTEM32\wintypes.dll
0x71cc0000 - 0x71ce3000 	C:\Windows\system32\dwmapi.dll
0x755c0000 - 0x7690a000 	C:\Windows\System32\SHELL32.dll
0x74c70000 - 0x7522a000 	C:\Windows\System32\windows.storage.dll
0x74aa0000 - 0x74ae5000 	C:\Windows\System32\shlwapi.dll
0x74130000 - 0x74148000 	C:\Windows\System32\profapi.dll
0x74150000 - 0x74195000 	C:\Windows\System32\powrprof.dll
0x76990000 - 0x76998000 	C:\Windows\System32\FLTLIB.DLL
0x61740000 - 0x6176b000 	C:\Program Files (x86)\Arduino\lib\listSerialsj.dll
0x73cf0000 - 0x7411b000 	C:\Windows\System32\SETUPAPI.dll
0x6d770000 - 0x6d78d000 	C:\Program Files (x86)\Arduino\lib\jnidispatch-4.2.2-win32-x86.dll
0x74700000 - 0x747fc000 	C:\Windows\System32\Ole32.dll
0x52530000 - 0x52545000 	C:\Program Files (x86)\Arduino\java\bin\net.dll
0x6f340000 - 0x6f396000 	C:\Windows\system32\mswsock.dll
0x6d830000 - 0x6d83f000 	C:\Program Files (x86)\Arduino\java\bin\nio.dll
0x6c590000 - 0x6c6d5000 	C:\Program Files (x86)\Arduino\java\bin\awt.dll
0x73170000 - 0x7320d000 	C:\Windows\SYSTEM32\apphelp.dll
0x6ce30000 - 0x6ce69000 	C:\Program Files (x86)\Arduino\java\bin\fontmanager.dll
0x68d60000 - 0x68e39000 	C:\Windows\system32\opengl32.dll
0x509b0000 - 0x509ef000 	C:\Windows\SYSTEM32\GLU32.dll
0x70920000 - 0x70952000 	C:\Program Files (x86)\Arduino\java\bin\t2k.dll
0x734c0000 - 0x734f0000 	C:\Windows\SYSTEM32\IPHLPAPI.DLL
0x75230000 - 0x75237000 	C:\Windows\System32\NSI.dll
0x73230000 - 0x73243000 	C:\Windows\SYSTEM32\dhcpcsvc6.DLL
0x73210000 - 0x73224000 	C:\Windows\SYSTEM32\dhcpcsvc.DLL
0x6f6f0000 - 0x6f77e000 	C:\Windows\SYSTEM32\DNSAPI.dll
0x6e560000 - 0x6e568000 	C:\Windows\System32\rasadhlp.dll
0x6e510000 - 0x6e55f000 	C:\Windows\System32\fwpuclnt.dll
0x736b0000 - 0x736c9000 	C:\Windows\SYSTEM32\bcrypt.dll
0x77ba0000 - 0x77c09000 	C:\Program Files (x86)\Arduino\msvcp100.dll
0x78810000 - 0x788ce000 	C:\Program Files (x86)\Arduino\msvcr100.dll
0x29870000 - 0x298a2000 	C:\Program Files (x86)\Arduino\lib\AStylej.dll
0x6d1c0000 - 0x6d1e4000 	C:\Program Files (x86)\Arduino\java\bin\dcpr.dll
0x76a00000 - 0x76a83000 	C:\Windows\System32\clbcatq.dll
0x6b020000 - 0x6b191000 	C:\Windows\SYSTEM32\WindowsCodecs.dll
0x6bb40000 - 0x6bb8f000 	C:\Windows\system32\dataexchange.dll
0x6b8e0000 - 0x6bb32000 	C:\Windows\system32\d3d11.dll
0x6b7a0000 - 0x6b8dc000 	C:\Windows\system32\dcomp.dll
0x6b700000 - 0x6b798000 	C:\Windows\system32\dxgi.dll
0x6b590000 - 0x6b6f5000 	C:\Windows\system32\twinapi.appcore.dll
0x6b570000 - 0x6b58a000 	C:\Windows\system32\RMCLIENT.dll
0x02330000 - 0x02383000 	C:\Windows\system32\Ninput.dll
0x73700000 - 0x73713000 	C:\Windows\SYSTEM32\CRYPTSP.dll
0x736d0000 - 0x736ff000 	C:\Windows\system32\rsaenh.dll
0x71cf0000 - 0x71d11000 	C:\Windows\SYSTEM32\USERENV.dll
0x6bdd0000 - 0x6bdf2000 	C:\Windows\SYSTEM32\DEVOBJ.dll
0x73850000 - 0x73897000 	C:\Windows\System32\WINTRUST.dll
0x74910000 - 0x7491e000 	C:\Windows\System32\MSASN1.dll
0x76a90000 - 0x76c26000 	C:\Windows\System32\CRYPT32.dll
0x64000000 - 0x6401b000 	C:\Users\Oleg\.jssc\windows\jSSC-2.8_x86.dll
0x6f3c0000 - 0x6f542000 	C:\Windows\SYSTEM32\dbghelp.dll

VM Arguments:
jvm_args: -Dsun.java2d.d3d=false -Djna.nosys=true -Djna.nounpack=true -Djna.boot.library.name=jnidispatch-4.2.2-win32-x86 -Djna.boot.library.path=C:\Program Files (x86)\Arduino/lib -Djssc.library.path=C:\Program Files (x86)\Arduino/lib -DAPP_DIR=C:\Program Files (x86)\Arduino -Xms128M -Xmx512M 
java_command: processing.app.Base D:\technoquest\rooms\ter2070\Generator\Generator.ino
java_class_path (initial): C:\Program Files (x86)\Arduino\lib\apple.jar;C:\Program Files (x86)\Arduino\lib\arduino-core.jar;C:\Program Files (x86)\Arduino\lib\batik-1.8.jar;C:\Program Files (x86)\Arduino\lib\batik-anim-1.8.jar;C:\Program Files (x86)\Arduino\lib\batik-awt-util-1.8.jar;C:\Program Files (x86)\Arduino\lib\batik-bridge-1.8.jar;C:\Program Files (x86)\Arduino\lib\batik-codec-1.8.jar;C:\Program Files (x86)\Arduino\lib\batik-css-1.8.jar;C:\Program Files (x86)\Arduino\lib\batik-dom-1.8.jar;C:\Program Files (x86)\Arduino\lib\batik-ext-1.8.jar;C:\Program Files (x86)\Arduino\lib\batik-gvt-1.8.jar;C:\Program Files (x86)\Arduino\lib\batik-parser-1.8.jar;C:\Program Files (x86)\Arduino\lib\batik-rasterizer-1.8.jar;C:\Program Files (x86)\Arduino\lib\batik-script-1.8.jar;C:\Program Files (x86)\Arduino\lib\batik-squiggle-1.8.jar;C:\Program Files (x86)\Arduino\lib\batik-svg-dom-1.8.jar;C:\Program Files (x86)\Arduino\lib\batik-svgpp-1.8.jar;C:\Program Files (x86)\Arduino\lib\batik-transcoder-1.8.jar;C:\Program Files (x86)\Arduino\lib\batik-util-1.8.jar;C:\Program Files (x86)\Arduino\lib\batik-xml-1.8.jar;C:\Program Files (x86)\Arduino\lib\bcpg-jdk15on-152.jar;C:\Program Files (x86)\Arduino\lib\bcprov-jdk15on-152.jar;C:\Program Files (x86)\Arduino\lib\commons-codec-1.7.jar;C:\Program Files (x86)\Arduino\lib\commons-compress-1.8.jar;C:\Program Files (x86)\Arduino\lib\commons-exec-1.1.jar;C:\Program Files (x86)\Arduino\lib\commons-httpclient-3.1.jar;C:\Program Files (x86)\Arduino\lib\commons-lang3-3.3.2.jar;C:\Program Files (x86)\Arduino\lib\commons-logging-1.0.4.jar;C:\Program Files (x86)\Arduino\lib\commons-net-3.3.jar;C:\Program Files (x86)\Arduino\lib\jackson-annotations-2.9.5.jar;C:\Program Files (x86)\Arduino\lib\jackson-core-2.9.5.jar;C:\Program Files (x86)\Arduino\lib\jackson-databind-2.9.5.jar;C:\Program Files (x86)\Arduino\lib\jackson-module-mrbean-2.9.5.jar;C:\Program Files (x86)\Arduino\lib\java-semver-0.8.0.jar;C:\Program Files (x86)\Arduino\lib\jmdns-3.5.3.j
Launcher Type: SUN_STANDARD

Environment Variables:
PATH=C:\Program Files (x86)\Microsoft SDKs\Azure\CLI2\wbin;C:\Python27\;C:\Python27\Scripts;C:\ProgramData\Boxstarter;C:\Program Files (x86)\Intel\Intel(R) Management Engine Components\iCLS\;C:\Program Files\Intel\Intel(R) Management Engine Components\iCLS\;C:\Windows\system32;C:\Windows;C:\Windows\System32\Wbem;C:\Windows\System32\WindowsPowerShell\v1.0\;C:\Windows\System32\OpenSSH\;C:\Program Files (x86)\Intel\Intel(R) Management Engine Components\DAL;C:\Program Files\Intel\Intel(R) Management Engine Components\DAL;C:\Program Files (x86)\Intel\Intel(R) Management Engine Components\IPT;C:\Program Files\Intel\Intel(R) Management Engine Components\IPT;C:\Program Files (x86)\NVIDIA Corporation\PhysX\Common;C:\Program Files\dotnet\;C:\Program Files\PuTTY\;C:\Program Files\TortoiseGit\bin;C:\Program Files\Git\cmd;C:\Program Files\nodejs\;C:\ProgramData\chocolatey\bin;C:\Program Files\Microsoft SQL Server\130\Tools\Binn\;C:\Users\Oleg\AppData\Local\Microsoft\WindowsApps;C:\Users\Oleg\AppData\Roaming\npm;C:\Users\Oleg\.dotnet\tools;C:\Program Files (x86)\Arduino\java\bin
USERNAME=Oleg
OS=Windows_NT
PROCESSOR_IDENTIFIER=Intel64 Family 6 Model 158 Stepping 10, GenuineIntel



---------------  S Y S T E M  ---------------

OS: Windows 10.0 , 64 bit Build 17134 (10.0.17134.1)

CPU:total 12 (initial active 12) (6 cores per cpu, 2 threads per core) family 6 model 158 stepping 10, cmov, cx8, fxsr, mmx, sse, sse2, sse3, ssse3, sse4.1, sse4.2, popcnt, avx, avx2, aes, clmul, erms, 3dnowpref, lzcnt, ht, tsc, tscinvbit, bmi1, bmi2, adx

Memory: 4k page, physical 16508032k(6267700k free), swap 21064928k(3086668k free)

vm_info: Java HotSpot(TM) Client VM (25.171-b11) for windows-x86 JRE (1.8.0_171-b11), built on Mar 28 2018 14:51:22 by "java_re" with MS VC++ 10.0 (VS2010)

time: Fri Dec 28 00:17:06 2018
elapsed time: 15528 seconds (0d 4h 18m 48s)

